mode: atomic
github.com/ovn-org/ovn-kubernetes/go-controller/pkg/cni/utils.go:17.55,18.59 1 7
github.com/ovn-org/ovn-kubernetes/go-controller/pkg/cni/utils.go:21.2,21.14 1 2
github.com/ovn-org/ovn-kubernetes/go-controller/pkg/cni/utils.go:18.59,20.3 1 5
github.com/ovn-org/ovn-kubernetes/go-controller/pkg/cni/utils.go:26.60,27.31 1 5
github.com/ovn-org/ovn-kubernetes/go-controller/pkg/cni/utils.go:36.2,36.14 1 4
github.com/ovn-org/ovn-kubernetes/go-controller/pkg/cni/utils.go:27.31,30.65 2 4
github.com/ovn-org/ovn-kubernetes/go-controller/pkg/cni/utils.go:30.65,31.59 1 3
github.com/ovn-org/ovn-kubernetes/go-controller/pkg/cni/utils.go:31.59,33.5 1 1
github.com/ovn-org/ovn-kubernetes/go-controller/pkg/cni/utils.go:40.159,42.6 2 4
github.com/ovn-org/ovn-kubernetes/go-controller/pkg/cni/utils.go:42.6,43.10 1 6
github.com/ovn-org/ovn-kubernetes/go-controller/pkg/cni/utils.go:44.21,45.62 1 1
github.com/ovn-org/ovn-kubernetes/go-controller/pkg/cni/utils.go:46.18,47.63 1 0
github.com/ovn-org/ovn-kubernetes/go-controller/pkg/cni/utils.go:48.11,50.18 2 5
github.com/ovn-org/ovn-kubernetes/go-controller/pkg/cni/utils.go:53.4,54.30 2 4
github.com/ovn-org/ovn-kubernetes/go-controller/pkg/cni/utils.go:58.4,58.38 1 2
github.com/ovn-org/ovn-kubernetes/go-controller/pkg/cni/utils.go:50.18,52.5 1 1
github.com/ovn-org/ovn-kubernetes/go-controller/pkg/cni/utils.go:54.30,56.5 1 2
github.com/ovn-org/ovn-kubernetes/go-controller/pkg/cni/utils.go:65.28,67.16 2 4
github.com/ovn-org/ovn-kubernetes/go-controller/pkg/cni/utils.go:70.2,71.16 2 4
github.com/ovn-org/ovn-kubernetes/go-controller/pkg/cni/utils.go:74.2,82.30 2 4
github.com/ovn-org/ovn-kubernetes/go-controller/pkg/cni/utils.go:67.16,69.3 1 0
github.com/ovn-org/ovn-kubernetes/go-controller/pkg/cni/utils.go:71.16,73.3 1 0
github.com/ovn-org/ovn-kubernetes/go-controller/pkg/cni/bandwidth.go:9.48,12.16 2 5
github.com/ovn-org/ovn-kubernetes/go-controller/pkg/cni/bandwidth.go:17.2,17.32 1 4
github.com/ovn-org/ovn-kubernetes/go-controller/pkg/cni/bandwidth.go:24.2,25.16 2 3
github.com/ovn-org/ovn-kubernetes/go-controller/pkg/cni/bandwidth.go:28.2,28.30 1 2
github.com/ovn-org/ovn-kubernetes/go-controller/pkg/cni/bandwidth.go:34.2,34.12 1 1
github.com/ovn-org/ovn-kubernetes/go-controller/pkg/cni/bandwidth.go:12.16,14.3 1 1
github.com/ovn-org/ovn-kubernetes/go-controller/pkg/cni/bandwidth.go:17.32,18.54 1 3
github.com/ovn-org/ovn-kubernetes/go-controller/pkg/cni/bandwidth.go:18.54,20.4 1 1
github.com/ovn-org/ovn-kubernetes/go-controller/pkg/cni/bandwidth.go:25.16,27.3 1 1
github.com/ovn-org/ovn-kubernetes/go-controller/pkg/cni/bandwidth.go:28.30,29.48 1 2
github.com/ovn-org/ovn-kubernetes/go-controller/pkg/cni/bandwidth.go:29.48,31.4 1 1
github.com/ovn-org/ovn-kubernetes/go-controller/pkg/cni/bandwidth.go:37.83,40.20 1 6
github.com/ovn-org/ovn-kubernetes/go-controller/pkg/cni/bandwidth.go:50.2,50.19 1 4
github.com/ovn-org/ovn-kubernetes/go-controller/pkg/cni/bandwidth.go:65.2,65.12 1 2
github.com/ovn-org/ovn-kubernetes/go-controller/pkg/cni/bandwidth.go:40.20,42.17 2 6
github.com/ovn-org/ovn-kubernetes/go-controller/pkg/cni/bandwidth.go:45.3,46.17 2 5
github.com/ovn-org/ovn-kubernetes/go-controller/pkg/cni/bandwidth.go:42.17,44.4 1 1
github.com/ovn-org/ovn-kubernetes/go-controller/pkg/cni/bandwidth.go:46.17,48.4 1 1
github.com/ovn-org/ovn-kubernetes/go-controller/pkg/cni/bandwidth.go:50.19,54.17 3 3
github.com/ovn-org/ovn-kubernetes/go-controller/pkg/cni/bandwidth.go:59.3,60.17 2 2
github.com/ovn-org/ovn-kubernetes/go-controller/pkg/cni/bandwidth.go:54.17,56.4 1 1
github.com/ovn-org/ovn-kubernetes/go-controller/pkg/cni/bandwidth.go:60.17,62.4 1 1
github.com/ovn-org/ovn-kubernetes/go-controller/pkg/cni/bandwidth.go:70.78,78.35 5 11
github.com/ovn-org/ovn-kubernetes/go-controller/pkg/cni/bandwidth.go:85.2,85.16 1 11
github.com/ovn-org/ovn-kubernetes/go-controller/pkg/cni/bandwidth.go:89.2,90.32 2 8
github.com/ovn-org/ovn-kubernetes/go-controller/pkg/cni/bandwidth.go:96.2,96.35 1 8
github.com/ovn-org/ovn-kubernetes/go-controller/pkg/cni/bandwidth.go:78.35,80.33 2 8
github.com/ovn-org/ovn-kubernetes/go-controller/pkg/cni/bandwidth.go:80.33,83.4 2 6
github.com/ovn-org/ovn-kubernetes/go-controller/pkg/cni/bandwidth.go:85.16,87.3 1 3
github.com/ovn-org/ovn-kubernetes/go-controller/pkg/cni/bandwidth.go:90.32,92.17 2 5
github.com/ovn-org/ovn-kubernetes/go-controller/pkg/cni/bandwidth.go:92.17,94.4 1 4
github.com/ovn-org/ovn-kubernetes/go-controller/pkg/cni/cni.go:22.67,23.36 1 0
github.com/ovn-org/ovn-kubernetes/go-controller/pkg/cni/cni.go:26.2,26.36 1 0
github.com/ovn-org/ovn-kubernetes/go-controller/pkg/cni/cni.go:29.2,29.12 1 0
github.com/ovn-org/ovn-kubernetes/go-controller/pkg/cni/cni.go:23.36,25.3 1 0
github.com/ovn-org/ovn-kubernetes/go-controller/pkg/cni/cni.go:26.36,28.3 1 0
github.com/ovn-org/ovn-kubernetes/go-controller/pkg/cni/cni.go:32.91,36.11 4 4
github.com/ovn-org/ovn-kubernetes/go-controller/pkg/cni/cni.go:46.2,47.11 2 4
github.com/ovn-org/ovn-kubernetes/go-controller/pkg/cni/cni.go:57.2,57.29 1 4
github.com/ovn-org/ovn-kubernetes/go-controller/pkg/cni/cni.go:36.11,38.17 2 0
github.com/ovn-org/ovn-kubernetes/go-controller/pkg/cni/cni.go:41.3,41.68 1 0
github.com/ovn-org/ovn-kubernetes/go-controller/pkg/cni/cni.go:44.3,44.31 1 0
github.com/ovn-org/ovn-kubernetes/go-controller/pkg/cni/cni.go:38.17,40.4 1 0
github.com/ovn-org/ovn-kubernetes/go-controller/pkg/cni/cni.go:41.68,43.4 1 0
github.com/ovn-org/ovn-kubernetes/go-controller/pkg/cni/cni.go:47.11,49.17 2 0
github.com/ovn-org/ovn-kubernetes/go-controller/pkg/cni/cni.go:52.3,52.67 1 0
github.com/ovn-org/ovn-kubernetes/go-controller/pkg/cni/cni.go:55.3,55.29 1 0
github.com/ovn-org/ovn-kubernetes/go-controller/pkg/cni/cni.go:49.17,51.4 1 0
github.com/ovn-org/ovn-kubernetes/go-controller/pkg/cni/cni.go:52.67,54.4 1 0
github.com/ovn-org/ovn-kubernetes/go-controller/pkg/cni/cni.go:60.39,62.2 1 2
github.com/ovn-org/ovn-kubernetes/go-controller/pkg/cni/cni.go:64.135,67.38 3 0
github.com/ovn-org/ovn-kubernetes/go-controller/pkg/cni/cni.go:71.2,74.19 3 0
github.com/ovn-org/ovn-kubernetes/go-controller/pkg/cni/cni.go:84.2,85.16 2 0
github.com/ovn-org/ovn-kubernetes/go-controller/pkg/cni/cni.go:89.2,90.16 2 0
github.com/ovn-org/ovn-kubernetes/go-controller/pkg/cni/cni.go:94.2,95.30 2 0
github.com/ovn-org/ovn-kubernetes/go-controller/pkg/cni/cni.go:104.2,105.16 2 0
github.com/ovn-org/ovn-kubernetes/go-controller/pkg/cni/cni.go:109.2,109.27 1 0
github.com/ovn-org/ovn-kubernetes/go-controller/pkg/cni/cni.go:67.38,69.3 1 0
github.com/ovn-org/ovn-kubernetes/go-controller/pkg/cni/cni.go:74.19,77.71 1 0
github.com/ovn-org/ovn-kubernetes/go-controller/pkg/cni/cni.go:80.3,80.32 1 0
github.com/ovn-org/ovn-kubernetes/go-controller/pkg/cni/cni.go:77.71,79.4 1 0
github.com/ovn-org/ovn-kubernetes/go-controller/pkg/cni/cni.go:85.16,87.3 1 0
github.com/ovn-org/ovn-kubernetes/go-controller/pkg/cni/cni.go:90.16,92.3 1 0
github.com/ovn-org/ovn-kubernetes/go-controller/pkg/cni/cni.go:95.30,97.17 2 0
github.com/ovn-org/ovn-kubernetes/go-controller/pkg/cni/cni.go:97.17,99.4 1 0
github.com/ovn-org/ovn-kubernetes/go-controller/pkg/cni/cni.go:100.8,102.3 1 0
github.com/ovn-org/ovn-kubernetes/go-controller/pkg/cni/cni.go:105.16,107.3 1 0
github.com/ovn-org/ovn-kubernetes/go-controller/pkg/cni/cni.go:112.48,113.19 1 0
github.com/ovn-org/ovn-kubernetes/go-controller/pkg/cni/cni.go:118.2,118.53 1 0
github.com/ovn-org/ovn-kubernetes/go-controller/pkg/cni/cni.go:121.2,121.22 1 0
github.com/ovn-org/ovn-kubernetes/go-controller/pkg/cni/cni.go:113.19,116.3 1 0
github.com/ovn-org/ovn-kubernetes/go-controller/pkg/cni/cni.go:118.53,120.3 1 0
github.com/ovn-org/ovn-kubernetes/go-controller/pkg/cni/cni.go:124.107,127.38 3 0
github.com/ovn-org/ovn-kubernetes/go-controller/pkg/cni/cni.go:132.2,133.19 2 0
github.com/ovn-org/ovn-kubernetes/go-controller/pkg/cni/cni.go:136.2,137.16 2 0
github.com/ovn-org/ovn-kubernetes/go-controller/pkg/cni/cni.go:141.2,142.16 2 0
github.com/ovn-org/ovn-kubernetes/go-controller/pkg/cni/cni.go:146.2,146.34 1 0
github.com/ovn-org/ovn-kubernetes/go-controller/pkg/cni/cni.go:183.2,183.22 1 0
github.com/ovn-org/ovn-kubernetes/go-controller/pkg/cni/cni.go:127.38,129.3 1 0
github.com/ovn-org/ovn-kubernetes/go-controller/pkg/cni/cni.go:133.19,135.3 1 0
github.com/ovn-org/ovn-kubernetes/go-controller/pkg/cni/cni.go:137.16,139.3 1 0
github.com/ovn-org/ovn-kubernetes/go-controller/pkg/cni/cni.go:142.16,144.3 1 0
github.com/ovn-org/ovn-kubernetes/go-controller/pkg/cni/cni.go:146.34,148.17 2 0
github.com/ovn-org/ovn-kubernetes/go-controller/pkg/cni/cni.go:151.3,152.44 2 0
github.com/ovn-org/ovn-kubernetes/go-controller/pkg/cni/cni.go:158.3,158.30 1 0
github.com/ovn-org/ovn-kubernetes/go-controller/pkg/cni/cni.go:161.3,163.17 3 0
github.com/ovn-org/ovn-kubernetes/go-controller/pkg/cni/cni.go:166.3,166.33 1 0
github.com/ovn-org/ovn-kubernetes/go-controller/pkg/cni/cni.go:172.3,173.17 2 0
github.com/ovn-org/ovn-kubernetes/go-controller/pkg/cni/cni.go:176.3,176.28 1 0
github.com/ovn-org/ovn-kubernetes/go-controller/pkg/cni/cni.go:179.3,179.26 1 0
github.com/ovn-org/ovn-kubernetes/go-controller/pkg/cni/cni.go:148.17,150.4 1 0
github.com/ovn-org/ovn-kubernetes/go-controller/pkg/cni/cni.go:152.44,153.32 1 0
github.com/ovn-org/ovn-kubernetes/go-controller/pkg/cni/cni.go:153.32,155.10 2 0
github.com/ovn-org/ovn-kubernetes/go-controller/pkg/cni/cni.go:158.30,160.4 1 0
github.com/ovn-org/ovn-kubernetes/go-controller/pkg/cni/cni.go:163.17,165.4 1 0
github.com/ovn-org/ovn-kubernetes/go-controller/pkg/cni/cni.go:166.33,168.68 1 0
github.com/ovn-org/ovn-kubernetes/go-controller/pkg/cni/cni.go:168.68,170.5 1 0
github.com/ovn-org/ovn-kubernetes/go-controller/pkg/cni/cni.go:173.17,175.4 1 0
github.com/ovn-org/ovn-kubernetes/go-controller/pkg/cni/cni.go:176.28,178.4 1 0
github.com/ovn-org/ovn-kubernetes/go-controller/pkg/cni/cni.go:179.26,181.4 1 0
github.com/ovn-org/ovn-kubernetes/go-controller/pkg/cni/cni.go:191.149,196.25 4 0
github.com/ovn-org/ovn-kubernetes/go-controller/pkg/cni/cni.go:205.2,207.16 2 0
github.com/ovn-org/ovn-kubernetes/go-controller/pkg/cni/cni.go:211.2,211.20 1 0
github.com/ovn-org/ovn-kubernetes/go-controller/pkg/cni/cni.go:197.14,198.70 1 0
github.com/ovn-org/ovn-kubernetes/go-controller/pkg/cni/cni.go:199.14,200.33 1 0
github.com/ovn-org/ovn-kubernetes/go-controller/pkg/cni/cni.go:201.16,202.63 1 0
github.com/ovn-org/ovn-kubernetes/go-controller/pkg/cni/cni.go:203.10,203.10 0 0
github.com/ovn-org/ovn-kubernetes/go-controller/pkg/cni/cni.go:207.16,210.3 1 0
github.com/ovn-org/ovn-kubernetes/go-controller/pkg/cni/cni.go:215.97,217.16 2 0
github.com/ovn-org/ovn-kubernetes/go-controller/pkg/cni/cni.go:221.2,222.47 2 0
github.com/ovn-org/ovn-kubernetes/go-controller/pkg/cni/cni.go:231.2,232.46 2 0
github.com/ovn-org/ovn-kubernetes/go-controller/pkg/cni/cni.go:246.2,249.8 1 0
github.com/ovn-org/ovn-kubernetes/go-controller/pkg/cni/cni.go:217.16,219.3 1 0
github.com/ovn-org/ovn-kubernetes/go-controller/pkg/cni/cni.go:222.47,223.46 1 0
github.com/ovn-org/ovn-kubernetes/go-controller/pkg/cni/cni.go:223.46,225.4 1 0
github.com/ovn-org/ovn-kubernetes/go-controller/pkg/cni/cni.go:225.9,225.53 1 0
github.com/ovn-org/ovn-kubernetes/go-controller/pkg/cni/cni.go:225.53,227.4 1 0
github.com/ovn-org/ovn-kubernetes/go-controller/pkg/cni/cni.go:232.46,237.33 2 0
github.com/ovn-org/ovn-kubernetes/go-controller/pkg/cni/cni.go:242.3,243.24 2 0
github.com/ovn-org/ovn-kubernetes/go-controller/pkg/cni/cni.go:237.33,239.4 1 0
github.com/ovn-org/ovn-kubernetes/go-controller/pkg/cni/cni.go:239.9,241.4 1 0
github.com/ovn-org/ovn-kubernetes/go-controller/pkg/cni/cnismartnic.go:10.84,12.31 1 6
github.com/ovn-org/ovn-kubernetes/go-controller/pkg/cni/cnismartnic.go:15.2,19.16 3 5
github.com/ovn-org/ovn-kubernetes/go-controller/pkg/cni/cnismartnic.go:22.2,23.16 2 4
github.com/ovn-org/ovn-kubernetes/go-controller/pkg/cni/cnismartnic.go:28.2,30.16 3 3
github.com/ovn-org/ovn-kubernetes/go-controller/pkg/cni/cnismartnic.go:33.2,33.17 1 2
github.com/ovn-org/ovn-kubernetes/go-controller/pkg/cni/cnismartnic.go:37.2,44.16 3 2
github.com/ovn-org/ovn-kubernetes/go-controller/pkg/cni/cnismartnic.go:49.2,50.16 2 2
github.com/ovn-org/ovn-kubernetes/go-controller/pkg/cni/cnismartnic.go:54.2,54.12 1 1
github.com/ovn-org/ovn-kubernetes/go-controller/pkg/cni/cnismartnic.go:12.31,14.3 1 1
github.com/ovn-org/ovn-kubernetes/go-controller/pkg/cni/cnismartnic.go:19.16,21.3 1 1
github.com/ovn-org/ovn-kubernetes/go-controller/pkg/cni/cnismartnic.go:23.16,25.3 1 1
github.com/ovn-org/ovn-kubernetes/go-controller/pkg/cni/cnismartnic.go:30.16,32.3 1 1
github.com/ovn-org/ovn-kubernetes/go-controller/pkg/cni/cnismartnic.go:33.17,35.3 1 0
github.com/ovn-org/ovn-kubernetes/go-controller/pkg/cni/cnismartnic.go:44.16,47.3 1 0
github.com/ovn-org/ovn-kubernetes/go-controller/pkg/cni/cnismartnic.go:50.16,52.3 1 1
github.com/ovn-org/ovn-kubernetes/go-controller/pkg/cni/helper_linux.go:34.91,36.2 1 0
github.com/ovn-org/ovn-kubernetes/go-controller/pkg/cni/helper_linux.go:38.126,40.2 1 0
github.com/ovn-org/ovn-kubernetes/go-controller/pkg/cni/helper_linux.go:42.48,44.16 2 11
github.com/ovn-org/ovn-kubernetes/go-controller/pkg/cni/helper_linux.go:48.2,48.63 1 8
github.com/ovn-org/ovn-kubernetes/go-controller/pkg/cni/helper_linux.go:51.2,51.72 1 7
github.com/ovn-org/ovn-kubernetes/go-controller/pkg/cni/helper_linux.go:54.2,54.61 1 6
github.com/ovn-org/ovn-kubernetes/go-controller/pkg/cni/helper_linux.go:58.2,58.12 1 5
github.com/ovn-org/ovn-kubernetes/go-controller/pkg/cni/helper_linux.go:44.16,46.3 1 3
github.com/ovn-org/ovn-kubernetes/go-controller/pkg/cni/helper_linux.go:48.63,50.3 1 1
github.com/ovn-org/ovn-kubernetes/go-controller/pkg/cni/helper_linux.go:51.72,53.3 1 1
github.com/ovn-org/ovn-kubernetes/go-controller/pkg/cni/helper_linux.go:54.61,56.3 1 1
github.com/ovn-org/ovn-kubernetes/go-controller/pkg/cni/helper_linux.go:61.49,63.2 1 0
github.com/ovn-org/ovn-kubernetes/go-controller/pkg/cni/helper_linux.go:65.57,67.16 2 6
github.com/ovn-org/ovn-kubernetes/go-controller/pkg/cni/helper_linux.go:72.2,72.80 1 4
github.com/ovn-org/ovn-kubernetes/go-controller/pkg/cni/helper_linux.go:76.2,76.12 1 3
github.com/ovn-org/ovn-kubernetes/go-controller/pkg/cni/helper_linux.go:67.16,69.3 1 2
github.com/ovn-org/ovn-kubernetes/go-controller/pkg/cni/helper_linux.go:72.80,74.3 1 1
github.com/ovn-org/ovn-kubernetes/go-controller/pkg/cni/helper_linux.go:79.70,82.63 1 5
github.com/ovn-org/ovn-kubernetes/go-controller/pkg/cni/helper_linux.go:85.2,85.83 1 5
github.com/ovn-org/ovn-kubernetes/go-controller/pkg/cni/helper_linux.go:88.2,88.61 1 4
github.com/ovn-org/ovn-kubernetes/go-controller/pkg/cni/helper_linux.go:93.2,93.32 1 4
github.com/ovn-org/ovn-kubernetes/go-controller/pkg/cni/helper_linux.go:99.2,99.37 1 3
github.com/ovn-org/ovn-kubernetes/go-controller/pkg/cni/helper_linux.go:104.2,104.38 1 2
github.com/ovn-org/ovn-kubernetes/go-controller/pkg/cni/helper_linux.go:110.2,110.12 1 1
github.com/ovn-org/ovn-kubernetes/go-controller/pkg/cni/helper_linux.go:82.63,84.3 1 0
github.com/ovn-org/ovn-kubernetes/go-controller/pkg/cni/helper_linux.go:85.83,87.3 1 1
github.com/ovn-org/ovn-kubernetes/go-controller/pkg/cni/helper_linux.go:88.61,90.3 1 0
github.com/ovn-org/ovn-kubernetes/go-controller/pkg/cni/helper_linux.go:93.32,95.66 2 4
github.com/ovn-org/ovn-kubernetes/go-controller/pkg/cni/helper_linux.go:95.66,97.4 1 1
github.com/ovn-org/ovn-kubernetes/go-controller/pkg/cni/helper_linux.go:99.37,100.65 1 3
github.com/ovn-org/ovn-kubernetes/go-controller/pkg/cni/helper_linux.go:100.65,102.4 1 1
github.com/ovn-org/ovn-kubernetes/go-controller/pkg/cni/helper_linux.go:104.38,105.83 1 2
github.com/ovn-org/ovn-kubernetes/go-controller/pkg/cni/helper_linux.go:105.83,107.4 1 1
github.com/ovn-org/ovn-kubernetes/go-controller/pkg/cni/helper_linux.go:113.139,118.46 4 2
github.com/ovn-org/ovn-kubernetes/go-controller/pkg/cni/helper_linux.go:143.2,143.16 1 2
github.com/ovn-org/ovn-kubernetes/go-controller/pkg/cni/helper_linux.go:148.2,149.68 2 1
github.com/ovn-org/ovn-kubernetes/go-controller/pkg/cni/helper_linux.go:153.2,153.34 1 0
github.com/ovn-org/ovn-kubernetes/go-controller/pkg/cni/helper_linux.go:118.46,121.17 2 0
github.com/ovn-org/ovn-kubernetes/go-controller/pkg/cni/helper_linux.go:124.3,128.17 4 0
github.com/ovn-org/ovn-kubernetes/go-controller/pkg/cni/helper_linux.go:132.3,133.17 2 0
github.com/ovn-org/ovn-kubernetes/go-controller/pkg/cni/helper_linux.go:136.3,141.13 4 0
github.com/ovn-org/ovn-kubernetes/go-controller/pkg/cni/helper_linux.go:121.17,123.4 1 0
github.com/ovn-org/ovn-kubernetes/go-controller/pkg/cni/helper_linux.go:128.17,130.4 1 0
github.com/ovn-org/ovn-kubernetes/go-controller/pkg/cni/helper_linux.go:133.17,135.4 1 0
github.com/ovn-org/ovn-kubernetes/go-controller/pkg/cni/helper_linux.go:143.16,145.3 1 1
github.com/ovn-org/ovn-kubernetes/go-controller/pkg/cni/helper_linux.go:149.68,151.3 1 1
github.com/ovn-org/ovn-kubernetes/go-controller/pkg/cni/helper_linux.go:157.161,163.16 4 11
github.com/ovn-org/ovn-kubernetes/go-controller/pkg/cni/helper_linux.go:169.2,169.28 1 10
github.com/ovn-org/ovn-kubernetes/go-controller/pkg/cni/helper_linux.go:172.2,174.24 2 9
github.com/ovn-org/ovn-kubernetes/go-controller/pkg/cni/helper_linux.go:212.2,213.16 2 3
github.com/ovn-org/ovn-kubernetes/go-controller/pkg/cni/helper_linux.go:217.2,217.45 1 2
github.com/ovn-org/ovn-kubernetes/go-controller/pkg/cni/helper_linux.go:246.2,246.16 1 2
github.com/ovn-org/ovn-kubernetes/go-controller/pkg/cni/helper_linux.go:250.2,250.34 1 1
github.com/ovn-org/ovn-kubernetes/go-controller/pkg/cni/helper_linux.go:163.16,166.3 1 1
github.com/ovn-org/ovn-kubernetes/go-controller/pkg/cni/helper_linux.go:169.28,171.3 1 1
github.com/ovn-org/ovn-kubernetes/go-controller/pkg/cni/helper_linux.go:174.24,177.17 2 8
github.com/ovn-org/ovn-kubernetes/go-controller/pkg/cni/helper_linux.go:182.3,183.17 2 7
github.com/ovn-org/ovn-kubernetes/go-controller/pkg/cni/helper_linux.go:188.3,189.17 2 6
github.com/ovn-org/ovn-kubernetes/go-controller/pkg/cni/helper_linux.go:192.3,196.67 3 5
github.com/ovn-org/ovn-kubernetes/go-controller/pkg/cni/helper_linux.go:199.3,200.17 2 4
github.com/ovn-org/ovn-kubernetes/go-controller/pkg/cni/helper_linux.go:203.3,206.74 2 3
github.com/ovn-org/ovn-kubernetes/go-controller/pkg/cni/helper_linux.go:177.17,179.4 1 1
github.com/ovn-org/ovn-kubernetes/go-controller/pkg/cni/helper_linux.go:183.17,185.4 1 1
github.com/ovn-org/ovn-kubernetes/go-controller/pkg/cni/helper_linux.go:189.17,191.4 1 1
github.com/ovn-org/ovn-kubernetes/go-controller/pkg/cni/helper_linux.go:196.67,198.4 1 1
github.com/ovn-org/ovn-kubernetes/go-controller/pkg/cni/helper_linux.go:200.17,202.4 1 1
github.com/ovn-org/ovn-kubernetes/go-controller/pkg/cni/helper_linux.go:206.74,208.4 1 1
github.com/ovn-org/ovn-kubernetes/go-controller/pkg/cni/helper_linux.go:213.16,215.3 1 1
github.com/ovn-org/ovn-kubernetes/go-controller/pkg/cni/helper_linux.go:217.45,220.17 3 0
github.com/ovn-org/ovn-kubernetes/go-controller/pkg/cni/helper_linux.go:223.3,224.17 2 0
github.com/ovn-org/ovn-kubernetes/go-controller/pkg/cni/helper_linux.go:227.3,228.17 2 0
github.com/ovn-org/ovn-kubernetes/go-controller/pkg/cni/helper_linux.go:231.3,232.17 2 0
github.com/ovn-org/ovn-kubernetes/go-controller/pkg/cni/helper_linux.go:236.3,237.17 2 0
github.com/ovn-org/ovn-kubernetes/go-controller/pkg/cni/helper_linux.go:241.3,244.13 3 0
github.com/ovn-org/ovn-kubernetes/go-controller/pkg/cni/helper_linux.go:220.17,222.4 1 0
github.com/ovn-org/ovn-kubernetes/go-controller/pkg/cni/helper_linux.go:224.17,226.4 1 0
github.com/ovn-org/ovn-kubernetes/go-controller/pkg/cni/helper_linux.go:228.17,230.4 1 0
github.com/ovn-org/ovn-kubernetes/go-controller/pkg/cni/helper_linux.go:232.17,234.4 1 0
github.com/ovn-org/ovn-kubernetes/go-controller/pkg/cni/helper_linux.go:237.17,239.4 1 0
github.com/ovn-org/ovn-kubernetes/go-controller/pkg/cni/helper_linux.go:246.16,248.3 1 1
github.com/ovn-org/ovn-kubernetes/go-controller/pkg/cni/helper_linux.go:255.52,263.29 4 0
github.com/ovn-org/ovn-kubernetes/go-controller/pkg/cni/helper_linux.go:268.2,269.32 2 0
github.com/ovn-org/ovn-kubernetes/go-controller/pkg/cni/helper_linux.go:273.2,282.49 2 0
github.com/ovn-org/ovn-kubernetes/go-controller/pkg/cni/helper_linux.go:286.2,286.53 1 0
github.com/ovn-org/ovn-kubernetes/go-controller/pkg/cni/helper_linux.go:290.2,290.45 1 0
github.com/ovn-org/ovn-kubernetes/go-controller/pkg/cni/helper_linux.go:305.2,306.16 2 0
github.com/ovn-org/ovn-kubernetes/go-controller/pkg/cni/helper_linux.go:310.2,310.133 1 0
github.com/ovn-org/ovn-kubernetes/go-controller/pkg/cni/helper_linux.go:317.2,317.12 1 0
github.com/ovn-org/ovn-kubernetes/go-controller/pkg/cni/helper_linux.go:263.29,264.95 1 0
github.com/ovn-org/ovn-kubernetes/go-controller/pkg/cni/helper_linux.go:264.95,266.4 1 0
github.com/ovn-org/ovn-kubernetes/go-controller/pkg/cni/helper_linux.go:269.32,271.3 1 0
github.com/ovn-org/ovn-kubernetes/go-controller/pkg/cni/helper_linux.go:282.49,284.3 1 0
github.com/ovn-org/ovn-kubernetes/go-controller/pkg/cni/helper_linux.go:286.53,288.3 1 0
github.com/ovn-org/ovn-kubernetes/go-controller/pkg/cni/helper_linux.go:290.45,292.17 2 0
github.com/ovn-org/ovn-kubernetes/go-controller/pkg/cni/helper_linux.go:295.3,296.17 2 0
github.com/ovn-org/ovn-kubernetes/go-controller/pkg/cni/helper_linux.go:300.3,300.98 1 0
github.com/ovn-org/ovn-kubernetes/go-controller/pkg/cni/helper_linux.go:292.17,294.4 1 0
github.com/ovn-org/ovn-kubernetes/go-controller/pkg/cni/helper_linux.go:296.17,298.4 1 0
github.com/ovn-org/ovn-kubernetes/go-controller/pkg/cni/helper_linux.go:300.98,302.4 1 0
github.com/ovn-org/ovn-kubernetes/go-controller/pkg/cni/helper_linux.go:306.16,308.3 1 0
github.com/ovn-org/ovn-kubernetes/go-controller/pkg/cni/helper_linux.go:310.133,311.25 1 0
github.com/ovn-org/ovn-kubernetes/go-controller/pkg/cni/helper_linux.go:311.25,313.4 1 0
github.com/ovn-org/ovn-kubernetes/go-controller/pkg/cni/helper_linux.go:313.9,315.4 1 0
github.com/ovn-org/ovn-kubernetes/go-controller/pkg/cni/helper_linux.go:321.132,323.16 2 0
github.com/ovn-org/ovn-kubernetes/go-controller/pkg/cni/helper_linux.go:326.2,331.31 4 0
github.com/ovn-org/ovn-kubernetes/go-controller/pkg/cni/helper_linux.go:342.2,342.16 1 0
github.com/ovn-org/ovn-kubernetes/go-controller/pkg/cni/helper_linux.go:346.2,346.24 1 0
github.com/ovn-org/ovn-kubernetes/go-controller/pkg/cni/helper_linux.go:353.2,353.45 1 0
github.com/ovn-org/ovn-kubernetes/go-controller/pkg/cni/helper_linux.go:373.2,373.16 1 0
github.com/ovn-org/ovn-kubernetes/go-controller/pkg/cni/helper_linux.go:377.2,377.56 1 0
github.com/ovn-org/ovn-kubernetes/go-controller/pkg/cni/helper_linux.go:323.16,325.3 1 0
github.com/ovn-org/ovn-kubernetes/go-controller/pkg/cni/helper_linux.go:331.31,334.3 1 0
github.com/ovn-org/ovn-kubernetes/go-controller/pkg/cni/helper_linux.go:334.8,335.20 1 0
github.com/ovn-org/ovn-kubernetes/go-controller/pkg/cni/helper_linux.go:340.3,340.85 1 0
github.com/ovn-org/ovn-kubernetes/go-controller/pkg/cni/helper_linux.go:335.20,338.4 1 0
github.com/ovn-org/ovn-kubernetes/go-controller/pkg/cni/helper_linux.go:342.16,344.3 1 0
github.com/ovn-org/ovn-kubernetes/go-controller/pkg/cni/helper_linux.go:346.24,348.17 2 0
github.com/ovn-org/ovn-kubernetes/go-controller/pkg/cni/helper_linux.go:348.17,350.4 1 0
github.com/ovn-org/ovn-kubernetes/go-controller/pkg/cni/helper_linux.go:353.45,356.61 2 0
github.com/ovn-org/ovn-kubernetes/go-controller/pkg/cni/helper_linux.go:363.3,364.61 2 0
github.com/ovn-org/ovn-kubernetes/go-controller/pkg/cni/helper_linux.go:371.3,371.48 1 0
github.com/ovn-org/ovn-kubernetes/go-controller/pkg/cni/helper_linux.go:356.61,358.18 2 0
github.com/ovn-org/ovn-kubernetes/go-controller/pkg/cni/helper_linux.go:358.18,360.5 1 0
github.com/ovn-org/ovn-kubernetes/go-controller/pkg/cni/helper_linux.go:364.61,366.18 2 0
github.com/ovn-org/ovn-kubernetes/go-controller/pkg/cni/helper_linux.go:366.18,368.5 1 0
github.com/ovn-org/ovn-kubernetes/go-controller/pkg/cni/helper_linux.go:373.16,375.3 1 0
github.com/ovn-org/ovn-kubernetes/go-controller/pkg/cni/helper_linux.go:380.44,381.34 1 4
github.com/ovn-org/ovn-kubernetes/go-controller/pkg/cni/helper_linux.go:384.2,385.16 2 3
github.com/ovn-org/ovn-kubernetes/go-controller/pkg/cni/helper_linux.go:390.2,390.32 1 2
github.com/ovn-org/ovn-kubernetes/go-controller/pkg/cni/helper_linux.go:381.34,383.3 1 1
github.com/ovn-org/ovn-kubernetes/go-controller/pkg/cni/helper_linux.go:385.16,388.3 2 1
github.com/ovn-org/ovn-kubernetes/go-controller/pkg/cni/helper_linux.go:390.32,392.26 1 2
github.com/ovn-org/ovn-kubernetes/go-controller/pkg/cni/helper_linux.go:399.3,400.17 2 1
github.com/ovn-org/ovn-kubernetes/go-controller/pkg/cni/helper_linux.go:392.26,395.80 2 2
github.com/ovn-org/ovn-kubernetes/go-controller/pkg/cni/helper_linux.go:395.80,396.13 1 1
github.com/ovn-org/ovn-kubernetes/go-controller/pkg/cni/helper_linux.go:400.17,402.12 2 1
github.com/ovn-org/ovn-kubernetes/go-controller/pkg/cni/helper_linux.go:408.55,414.67 4 0
github.com/ovn-org/ovn-kubernetes/go-controller/pkg/cni/helper_linux.go:419.2,422.12 3 0
github.com/ovn-org/ovn-kubernetes/go-controller/pkg/cni/helper_linux.go:414.67,417.3 1 0
github.com/ovn-org/ovn-kubernetes/go-controller/pkg/cni/ovs.go:21.39,25.16 4 7
github.com/ovn-org/ovn-kubernetes/go-controller/pkg/cni/ovs.go:28.2,29.12 2 6
github.com/ovn-org/ovn-kubernetes/go-controller/pkg/cni/ovs.go:25.16,27.3 1 1
github.com/ovn-org/ovn-kubernetes/go-controller/pkg/cni/ovs.go:33.20,35.2 1 0
github.com/ovn-org/ovn-kubernetes/go-controller/pkg/cni/ovs.go:37.46,38.19 1 71
github.com/ovn-org/ovn-kubernetes/go-controller/pkg/cni/ovs.go:44.2,46.16 3 70
github.com/ovn-org/ovn-kubernetes/go-controller/pkg/cni/ovs.go:50.2,50.54 1 56
github.com/ovn-org/ovn-kubernetes/go-controller/pkg/cni/ovs.go:38.19,39.46 1 1
github.com/ovn-org/ovn-kubernetes/go-controller/pkg/cni/ovs.go:39.46,41.4 1 1
github.com/ovn-org/ovn-kubernetes/go-controller/pkg/cni/ovs.go:46.16,48.3 1 14
github.com/ovn-org/ovn-kubernetes/go-controller/pkg/cni/ovs.go:53.64,56.2 2 7
github.com/ovn-org/ovn-kubernetes/go-controller/pkg/cni/ovs.go:58.45,61.2 2 3
github.com/ovn-org/ovn-kubernetes/go-controller/pkg/cni/ovs.go:63.59,67.2 3 11
github.com/ovn-org/ovn-kubernetes/go-controller/pkg/cni/ovs.go:69.64,71.15 2 28
github.com/ovn-org/ovn-kubernetes/go-controller/pkg/cni/ovs.go:76.2,77.67 2 28
github.com/ovn-org/ovn-kubernetes/go-controller/pkg/cni/ovs.go:71.15,73.3 1 9
github.com/ovn-org/ovn-kubernetes/go-controller/pkg/cni/ovs.go:73.8,75.3 1 19
github.com/ovn-org/ovn-kubernetes/go-controller/pkg/cni/ovs.go:81.65,83.16 2 15
github.com/ovn-org/ovn-kubernetes/go-controller/pkg/cni/ovs.go:86.2,86.18 1 12
github.com/ovn-org/ovn-kubernetes/go-controller/pkg/cni/ovs.go:89.2,89.41 1 8
github.com/ovn-org/ovn-kubernetes/go-controller/pkg/cni/ovs.go:83.16,85.3 1 3
github.com/ovn-org/ovn-kubernetes/go-controller/pkg/cni/ovs.go:86.18,88.3 1 4
github.com/ovn-org/ovn-kubernetes/go-controller/pkg/cni/ovs.go:92.62,96.2 3 4
github.com/ovn-org/ovn-kubernetes/go-controller/pkg/cni/ovs.go:98.48,99.19 1 2
github.com/ovn-org/ovn-kubernetes/go-controller/pkg/cni/ovs.go:105.2,115.16 9 2
github.com/ovn-org/ovn-kubernetes/go-controller/pkg/cni/ovs.go:120.2,125.39 4 1
github.com/ovn-org/ovn-kubernetes/go-controller/pkg/cni/ovs.go:128.2,128.23 1 1
github.com/ovn-org/ovn-kubernetes/go-controller/pkg/cni/ovs.go:99.19,100.46 1 0
github.com/ovn-org/ovn-kubernetes/go-controller/pkg/cni/ovs.go:100.46,102.4 1 0
github.com/ovn-org/ovn-kubernetes/go-controller/pkg/cni/ovs.go:115.16,119.3 3 1
github.com/ovn-org/ovn-kubernetes/go-controller/pkg/cni/ovs.go:125.39,127.3 1 1
github.com/ovn-org/ovn-kubernetes/go-controller/pkg/cni/ovs.go:132.52,136.34 2 0
github.com/ovn-org/ovn-kubernetes/go-controller/pkg/cni/ovs.go:142.2,142.12 1 0
github.com/ovn-org/ovn-kubernetes/go-controller/pkg/cni/ovs.go:136.34,139.3 1 0
github.com/ovn-org/ovn-kubernetes/go-controller/pkg/cni/ovs.go:145.52,147.33 2 0
github.com/ovn-org/ovn-kubernetes/go-controller/pkg/cni/ovs.go:152.2,153.14 2 0
github.com/ovn-org/ovn-kubernetes/go-controller/pkg/cni/ovs.go:147.33,150.3 2 0
github.com/ovn-org/ovn-kubernetes/go-controller/pkg/cni/ovs.go:157.52,159.30 2 0
github.com/ovn-org/ovn-kubernetes/go-controller/pkg/cni/ovs.go:163.2,164.16 2 0
github.com/ovn-org/ovn-kubernetes/go-controller/pkg/cni/ovs.go:167.2,167.19 1 0
github.com/ovn-org/ovn-kubernetes/go-controller/pkg/cni/ovs.go:159.30,161.3 1 0
github.com/ovn-org/ovn-kubernetes/go-controller/pkg/cni/ovs.go:164.16,166.3 1 0
github.com/ovn-org/ovn-kubernetes/go-controller/pkg/cni/ovs.go:170.73,192.33 3 0
github.com/ovn-org/ovn-kubernetes/go-controller/pkg/cni/ovs.go:208.2,208.32 1 0
github.com/ovn-org/ovn-kubernetes/go-controller/pkg/cni/ovs.go:225.2,225.13 1 0
github.com/ovn-org/ovn-kubernetes/go-controller/pkg/cni/ovs.go:192.33,194.33 2 0
github.com/ovn-org/ovn-kubernetes/go-controller/pkg/cni/ovs.go:202.3,204.4 1 0
github.com/ovn-org/ovn-kubernetes/go-controller/pkg/cni/ovs.go:194.33,196.4 1 0
github.com/ovn-org/ovn-kubernetes/go-controller/pkg/cni/ovs.go:196.9,198.4 1 0
github.com/ovn-org/ovn-kubernetes/go-controller/pkg/cni/ovs.go:208.32,211.38 2 0
github.com/ovn-org/ovn-kubernetes/go-controller/pkg/cni/ovs.go:220.3,220.13 1 0
github.com/ovn-org/ovn-kubernetes/go-controller/pkg/cni/ovs.go:211.38,215.37 3 0
github.com/ovn-org/ovn-kubernetes/go-controller/pkg/cni/ovs.go:215.37,217.10 2 0
github.com/ovn-org/ovn-kubernetes/go-controller/pkg/cni/ovs.go:220.13,222.4 1 0
github.com/ovn-org/ovn-kubernetes/go-controller/pkg/cni/ovs.go:228.149,230.6 2 0
github.com/ovn-org/ovn-kubernetes/go-controller/pkg/cni/ovs.go:230.6,231.10 1 0
github.com/ovn-org/ovn-kubernetes/go-controller/pkg/cni/ovs.go:232.21,233.68 1 0
github.com/ovn-org/ovn-kubernetes/go-controller/pkg/cni/ovs.go:234.18,235.69 1 0
github.com/ovn-org/ovn-kubernetes/go-controller/pkg/cni/ovs.go:236.11,237.59 1 0
github.com/ovn-org/ovn-kubernetes/go-controller/pkg/cni/ovs.go:241.4,241.24 1 0
github.com/ovn-org/ovn-kubernetes/go-controller/pkg/cni/ovs.go:254.4,254.38 1 0
github.com/ovn-org/ovn-kubernetes/go-controller/pkg/cni/ovs.go:237.59,239.5 1 0
github.com/ovn-org/ovn-kubernetes/go-controller/pkg/cni/ovs.go:241.24,242.42 1 0
github.com/ovn-org/ovn-kubernetes/go-controller/pkg/cni/ovs.go:242.42,245.6 1 0
github.com/ovn-org/ovn-kubernetes/go-controller/pkg/cni/ovs.go:246.10,247.46 1 0
github.com/ovn-org/ovn-kubernetes/go-controller/pkg/cni/ovs.go:247.46,250.6 1 0
github.com/ovn-org/ovn-kubernetes/go-controller/pkg/cni/cniserver.go:52.139,53.55 1 2
github.com/ovn-org/ovn-kubernetes/go-controller/pkg/cni/cniserver.go:57.2,57.22 1 2
github.com/ovn-org/ovn-kubernetes/go-controller/pkg/cni/cniserver.go:60.2,64.23 3 2
github.com/ovn-org/ovn-kubernetes/go-controller/pkg/cni/cniserver.go:68.2,81.70 4 2
github.com/ovn-org/ovn-kubernetes/go-controller/pkg/cni/cniserver.go:95.2,96.37 1 2
github.com/ovn-org/ovn-kubernetes/go-controller/pkg/cni/cniserver.go:102.2,102.15 1 2
github.com/ovn-org/ovn-kubernetes/go-controller/pkg/cni/cniserver.go:53.55,55.3 1 0
github.com/ovn-org/ovn-kubernetes/go-controller/pkg/cni/cniserver.go:57.22,59.3 1 0
github.com/ovn-org/ovn-kubernetes/go-controller/pkg/cni/cniserver.go:64.23,66.3 1 0
github.com/ovn-org/ovn-kubernetes/go-controller/pkg/cni/cniserver.go:81.70,83.17 2 8
github.com/ovn-org/ovn-kubernetes/go-controller/pkg/cni/cniserver.go:89.3,90.44 2 4
github.com/ovn-org/ovn-kubernetes/go-controller/pkg/cni/cniserver.go:83.17,86.4 2 4
github.com/ovn-org/ovn-kubernetes/go-controller/pkg/cni/cniserver.go:90.44,92.4 1 0
github.com/ovn-org/ovn-kubernetes/go-controller/pkg/cni/cniserver.go:96.37,99.4 2 1
github.com/ovn-org/ovn-kubernetes/go-controller/pkg/cni/cniserver.go:107.52,119.43 5 1
github.com/ovn-org/ovn-kubernetes/go-controller/pkg/cni/cniserver.go:126.2,126.18 1 1
github.com/ovn-org/ovn-kubernetes/go-controller/pkg/cni/cniserver.go:119.43,120.99 1 1
github.com/ovn-org/ovn-kubernetes/go-controller/pkg/cni/cniserver.go:120.99,123.4 2 1
github.com/ovn-org/ovn-kubernetes/go-controller/pkg/cni/cniserver.go:126.18,129.3 2 1
github.com/ovn-org/ovn-kubernetes/go-controller/pkg/cni/cniserver.go:136.70,138.9 2 6
github.com/ovn-org/ovn-kubernetes/go-controller/pkg/cni/cniserver.go:142.2,143.50 2 5
github.com/ovn-org/ovn-kubernetes/go-controller/pkg/cni/cniserver.go:150.2,150.21 1 5
github.com/ovn-org/ovn-kubernetes/go-controller/pkg/cni/cniserver.go:138.9,140.3 1 1
github.com/ovn-org/ovn-kubernetes/go-controller/pkg/cni/cniserver.go:143.50,145.22 2 10
github.com/ovn-org/ovn-kubernetes/go-controller/pkg/cni/cniserver.go:148.3,148.69 1 10
github.com/ovn-org/ovn-kubernetes/go-controller/pkg/cni/cniserver.go:145.22,147.4 1 0
github.com/ovn-org/ovn-kubernetes/go-controller/pkg/cni/cniserver.go:153.63,155.9 2 8
github.com/ovn-org/ovn-kubernetes/go-controller/pkg/cni/cniserver.go:159.2,164.9 3 7
github.com/ovn-org/ovn-kubernetes/go-controller/pkg/cni/cniserver.go:167.2,168.9 2 7
github.com/ovn-org/ovn-kubernetes/go-controller/pkg/cni/cniserver.go:172.2,173.9 2 6
github.com/ovn-org/ovn-kubernetes/go-controller/pkg/cni/cniserver.go:177.2,178.16 2 6
github.com/ovn-org/ovn-kubernetes/go-controller/pkg/cni/cniserver.go:182.2,183.9 2 5
github.com/ovn-org/ovn-kubernetes/go-controller/pkg/cni/cniserver.go:187.2,188.9 2 5
github.com/ovn-org/ovn-kubernetes/go-controller/pkg/cni/cniserver.go:192.2,193.16 2 5
github.com/ovn-org/ovn-kubernetes/go-controller/pkg/cni/cniserver.go:197.2,200.17 4 5
github.com/ovn-org/ovn-kubernetes/go-controller/pkg/cni/cniserver.go:155.9,157.3 1 1
github.com/ovn-org/ovn-kubernetes/go-controller/pkg/cni/cniserver.go:164.9,166.3 1 0
github.com/ovn-org/ovn-kubernetes/go-controller/pkg/cni/cniserver.go:168.9,170.3 1 1
github.com/ovn-org/ovn-kubernetes/go-controller/pkg/cni/cniserver.go:173.9,175.3 1 6
github.com/ovn-org/ovn-kubernetes/go-controller/pkg/cni/cniserver.go:178.16,180.3 1 1
github.com/ovn-org/ovn-kubernetes/go-controller/pkg/cni/cniserver.go:183.9,185.3 1 0
github.com/ovn-org/ovn-kubernetes/go-controller/pkg/cni/cniserver.go:188.9,190.3 1 0
github.com/ovn-org/ovn-kubernetes/go-controller/pkg/cni/cniserver.go:193.16,195.3 1 0
github.com/ovn-org/ovn-kubernetes/go-controller/pkg/cni/cniserver.go:203.61,208.27 1 5
github.com/ovn-org/ovn-kubernetes/go-controller/pkg/cni/cniserver.go:218.2,218.12 1 5
github.com/ovn-org/ovn-kubernetes/go-controller/pkg/cni/cniserver.go:208.27,211.55 3 2
github.com/ovn-org/ovn-kubernetes/go-controller/pkg/cni/cniserver.go:216.3,216.44 1 2
github.com/ovn-org/ovn-kubernetes/go-controller/pkg/cni/cniserver.go:211.55,215.4 1 0
github.com/ovn-org/ovn-kubernetes/go-controller/pkg/cni/cniserver.go:221.56,222.27 1 5
github.com/ovn-org/ovn-kubernetes/go-controller/pkg/cni/cniserver.go:222.27,226.3 3 2
github.com/ovn-org/ovn-kubernetes/go-controller/pkg/cni/cniserver.go:231.68,234.47 3 8
github.com/ovn-org/ovn-kubernetes/go-controller/pkg/cni/cniserver.go:237.2,238.16 2 8
github.com/ovn-org/ovn-kubernetes/go-controller/pkg/cni/cniserver.go:241.2,241.42 1 5
github.com/ovn-org/ovn-kubernetes/go-controller/pkg/cni/cniserver.go:245.2,245.51 1 5
github.com/ovn-org/ovn-kubernetes/go-controller/pkg/cni/cniserver.go:248.2,251.48 3 5
github.com/ovn-org/ovn-kubernetes/go-controller/pkg/cni/cniserver.go:254.2,255.16 2 5
github.com/ovn-org/ovn-kubernetes/go-controller/pkg/cni/cniserver.go:259.2,259.20 1 4
github.com/ovn-org/ovn-kubernetes/go-controller/pkg/cni/cniserver.go:234.47,236.3 1 0
github.com/ovn-org/ovn-kubernetes/go-controller/pkg/cni/cniserver.go:238.16,240.3 1 3
github.com/ovn-org/ovn-kubernetes/go-controller/pkg/cni/cniserver.go:241.42,243.3 1 0
github.com/ovn-org/ovn-kubernetes/go-controller/pkg/cni/cniserver.go:245.51,247.3 1 0
github.com/ovn-org/ovn-kubernetes/go-controller/pkg/cni/cniserver.go:251.48,253.3 1 0
github.com/ovn-org/ovn-kubernetes/go-controller/pkg/cni/cniserver.go:255.16,258.3 1 1
github.com/ovn-org/ovn-kubernetes/go-controller/pkg/cni/cniserver.go:262.75,266.47 3 0
github.com/ovn-org/ovn-kubernetes/go-controller/pkg/cni/cniserver.go:274.2,275.45 2 0
github.com/ovn-org/ovn-kubernetes/go-controller/pkg/cni/cniserver.go:266.47,269.3 1 0
github.com/ovn-org/ovn-kubernetes/go-controller/pkg/cni/cniserver.go:269.8,272.3 2 0
github.com/ovn-org/ovn-kubernetes/go-controller/pkg/cni/cniserver.go:275.45,277.3 1 0
github.com/ovn-org/ovn-kubernetes/go-controller/pkg/cni/cniserver.go:280.43,283.2 2 0
github.com/ovn-org/ovn-kubernetes/go-controller/pkg/cni/cniserver_linux.go:20.58,21.24 1 2
github.com/ovn-org/ovn-kubernetes/go-controller/pkg/cni/cniserver_linux.go:24.2,39.70 3 2
github.com/ovn-org/ovn-kubernetes/go-controller/pkg/cni/cniserver_linux.go:64.2,64.52 1 2
github.com/ovn-org/ovn-kubernetes/go-controller/pkg/cni/cniserver_linux.go:71.2,72.16 2 2
github.com/ovn-org/ovn-kubernetes/go-controller/pkg/cni/cniserver_linux.go:75.2,75.51 1 2
github.com/ovn-org/ovn-kubernetes/go-controller/pkg/cni/cniserver_linux.go:80.2,81.29 2 2
github.com/ovn-org/ovn-kubernetes/go-controller/pkg/cni/cniserver_linux.go:86.2,86.12 1 2
github.com/ovn-org/ovn-kubernetes/go-controller/pkg/cni/cniserver_linux.go:21.24,23.3 1 0
github.com/ovn-org/ovn-kubernetes/go-controller/pkg/cni/cniserver_linux.go:39.70,41.17 2 0
github.com/ovn-org/ovn-kubernetes/go-controller/pkg/cni/cniserver_linux.go:45.3,47.10 3 0
github.com/ovn-org/ovn-kubernetes/go-controller/pkg/cni/cniserver_linux.go:50.3,50.21 1 0
github.com/ovn-org/ovn-kubernetes/go-controller/pkg/cni/cniserver_linux.go:55.3,55.31 1 0
github.com/ovn-org/ovn-kubernetes/go-controller/pkg/cni/cniserver_linux.go:60.3,60.70 1 0
github.com/ovn-org/ovn-kubernetes/go-controller/pkg/cni/cniserver_linux.go:41.17,43.4 1 0
github.com/ovn-org/ovn-kubernetes/go-controller/pkg/cni/cniserver_linux.go:47.10,49.4 1 0
github.com/ovn-org/ovn-kubernetes/go-controller/pkg/cni/cniserver_linux.go:50.21,52.4 1 0
github.com/ovn-org/ovn-kubernetes/go-controller/pkg/cni/cniserver_linux.go:55.31,57.4 1 0
github.com/ovn-org/ovn-kubernetes/go-controller/pkg/cni/cniserver_linux.go:60.70,62.4 1 0
github.com/ovn-org/ovn-kubernetes/go-controller/pkg/cni/cniserver_linux.go:64.52,66.3 1 0
github.com/ovn-org/ovn-kubernetes/go-controller/pkg/cni/cniserver_linux.go:72.16,74.3 1 0
github.com/ovn-org/ovn-kubernetes/go-controller/pkg/cni/cniserver_linux.go:75.51,78.3 2 0
github.com/ovn-org/ovn-kubernetes/go-controller/pkg/cni/cniserver_linux.go:81.29,82.36 1 2
github.com/ovn-org/ovn-kubernetes/go-controller/pkg/cni/cniserver_linux.go:82.36,84.4 1 0
github.com/ovn-org/ovn-kubernetes/go-controller/pkg/cni/cnishim.go:40.46,41.26 1 0
github.com/ovn-org/ovn-kubernetes/go-controller/pkg/cni/cnishim.go:44.2,44.40 1 0
github.com/ovn-org/ovn-kubernetes/go-controller/pkg/cni/cnishim.go:41.26,43.3 1 0
github.com/ovn-org/ovn-kubernetes/go-controller/pkg/cni/cnishim.go:49.49,51.36 2 0
github.com/ovn-org/ovn-kubernetes/go-controller/pkg/cni/cnishim.go:58.2,61.3 1 0
github.com/ovn-org/ovn-kubernetes/go-controller/pkg/cni/cnishim.go:51.36,53.14 2 0
github.com/ovn-org/ovn-kubernetes/go-controller/pkg/cni/cnishim.go:53.14,55.4 1 0
github.com/ovn-org/ovn-kubernetes/go-controller/pkg/cni/cnishim.go:66.69,68.16 2 0
github.com/ovn-org/ovn-kubernetes/go-controller/pkg/cni/cnishim.go:72.2,74.53 1 0
github.com/ovn-org/ovn-kubernetes/go-controller/pkg/cni/cnishim.go:80.2,81.16 2 0
github.com/ovn-org/ovn-kubernetes/go-controller/pkg/cni/cnishim.go:84.2,87.16 3 0
github.com/ovn-org/ovn-kubernetes/go-controller/pkg/cni/cnishim.go:91.2,91.28 1 0
github.com/ovn-org/ovn-kubernetes/go-controller/pkg/cni/cnishim.go:95.2,95.18 1 0
github.com/ovn-org/ovn-kubernetes/go-controller/pkg/cni/cnishim.go:68.16,70.3 1 0
github.com/ovn-org/ovn-kubernetes/go-controller/pkg/cni/cnishim.go:74.53,76.5 1 0
github.com/ovn-org/ovn-kubernetes/go-controller/pkg/cni/cnishim.go:81.16,83.3 1 0
github.com/ovn-org/ovn-kubernetes/go-controller/pkg/cni/cnishim.go:87.16,89.3 1 0
github.com/ovn-org/ovn-kubernetes/go-controller/pkg/cni/cnishim.go:91.28,93.3 1 0
github.com/ovn-org/ovn-kubernetes/go-controller/pkg/cni/cnishim.go:98.43,102.25 3 0
github.com/ovn-org/ovn-kubernetes/go-controller/pkg/cni/cnishim.go:107.2,107.24 1 0
github.com/ovn-org/ovn-kubernetes/go-controller/pkg/cni/cnishim.go:102.25,103.49 1 0
github.com/ovn-org/ovn-kubernetes/go-controller/pkg/cni/cnishim.go:103.49,105.4 1 0
github.com/ovn-org/ovn-kubernetes/go-controller/pkg/cni/cnishim.go:107.24,110.63 3 0
github.com/ovn-org/ovn-kubernetes/go-controller/pkg/cni/cnishim.go:113.3,113.66 1 0
github.com/ovn-org/ovn-kubernetes/go-controller/pkg/cni/cnishim.go:116.3,122.5 1 0
github.com/ovn-org/ovn-kubernetes/go-controller/pkg/cni/cnishim.go:110.63,112.4 1 0
github.com/ovn-org/ovn-kubernetes/go-controller/pkg/cni/cnishim.go:113.66,115.4 1 0
github.com/ovn-org/ovn-kubernetes/go-controller/pkg/cni/cnishim.go:127.75,134.2 2 0
github.com/ovn-org/ovn-kubernetes/go-controller/pkg/cni/cnishim.go:137.51,141.15 3 0
github.com/ovn-org/ovn-kubernetes/go-controller/pkg/cni/cnishim.go:146.2,147.17 2 0
github.com/ovn-org/ovn-kubernetes/go-controller/pkg/cni/cnishim.go:151.2,156.17 4 0
github.com/ovn-org/ovn-kubernetes/go-controller/pkg/cni/cnishim.go:162.2,163.54 2 0
github.com/ovn-org/ovn-kubernetes/go-controller/pkg/cni/cnishim.go:169.2,170.28 2 0
github.com/ovn-org/ovn-kubernetes/go-controller/pkg/cni/cnishim.go:182.2,182.51 1 0
github.com/ovn-org/ovn-kubernetes/go-controller/pkg/cni/cnishim.go:141.15,143.3 1 0
github.com/ovn-org/ovn-kubernetes/go-controller/pkg/cni/cnishim.go:147.17,150.3 2 0
github.com/ovn-org/ovn-kubernetes/go-controller/pkg/cni/cnishim.go:156.17,160.3 3 0
github.com/ovn-org/ovn-kubernetes/go-controller/pkg/cni/cnishim.go:163.54,167.3 3 0
github.com/ovn-org/ovn-kubernetes/go-controller/pkg/cni/cnishim.go:170.28,172.3 1 0
github.com/ovn-org/ovn-kubernetes/go-controller/pkg/cni/cnishim.go:172.8,175.17 3 0
github.com/ovn-org/ovn-kubernetes/go-controller/pkg/cni/cnishim.go:175.17,179.4 3 0
github.com/ovn-org/ovn-kubernetes/go-controller/pkg/cni/cnishim.go:186.51,190.16 3 0
github.com/ovn-org/ovn-kubernetes/go-controller/pkg/cni/cnishim.go:194.2,195.16 2 0
github.com/ovn-org/ovn-kubernetes/go-controller/pkg/cni/cnishim.go:198.2,199.12 2 0
github.com/ovn-org/ovn-kubernetes/go-controller/pkg/cni/cnishim.go:190.16,192.3 1 0
github.com/ovn-org/ovn-kubernetes/go-controller/pkg/cni/cnishim.go:195.16,197.3 1 0
github.com/ovn-org/ovn-kubernetes/go-controller/pkg/cni/cnishim.go:203.53,207.15 3 0
github.com/ovn-org/ovn-kubernetes/go-controller/pkg/cni/cnishim.go:213.2,214.60 2 0
github.com/ovn-org/ovn-kubernetes/go-controller/pkg/cni/cnishim.go:218.2,218.31 1 0
github.com/ovn-org/ovn-kubernetes/go-controller/pkg/cni/cnishim.go:221.2,221.62 1 0
github.com/ovn-org/ovn-kubernetes/go-controller/pkg/cni/cnishim.go:224.2,225.15 2 0
github.com/ovn-org/ovn-kubernetes/go-controller/pkg/cni/cnishim.go:231.2,232.84 2 0
github.com/ovn-org/ovn-kubernetes/go-controller/pkg/cni/cnishim.go:239.2,240.17 2 0
github.com/ovn-org/ovn-kubernetes/go-controller/pkg/cni/cnishim.go:244.2,247.40 3 0
github.com/ovn-org/ovn-kubernetes/go-controller/pkg/cni/cnishim.go:256.2,256.32 1 0
github.com/ovn-org/ovn-kubernetes/go-controller/pkg/cni/cnishim.go:262.2,263.18 2 0
github.com/ovn-org/ovn-kubernetes/go-controller/pkg/cni/cnishim.go:267.2,270.43 2 0
github.com/ovn-org/ovn-kubernetes/go-controller/pkg/cni/cnishim.go:292.2,293.12 2 0
github.com/ovn-org/ovn-kubernetes/go-controller/pkg/cni/cnishim.go:207.15,209.3 1 0
github.com/ovn-org/ovn-kubernetes/go-controller/pkg/cni/cnishim.go:214.60,216.3 1 0
github.com/ovn-org/ovn-kubernetes/go-controller/pkg/cni/cnishim.go:218.31,220.3 1 0
github.com/ovn-org/ovn-kubernetes/go-controller/pkg/cni/cnishim.go:221.62,223.3 1 0
github.com/ovn-org/ovn-kubernetes/go-controller/pkg/cni/cnishim.go:225.15,226.17 1 0
github.com/ovn-org/ovn-kubernetes/go-controller/pkg/cni/cnishim.go:226.17,228.4 1 0
github.com/ovn-org/ovn-kubernetes/go-controller/pkg/cni/cnishim.go:232.84,234.3 1 0
github.com/ovn-org/ovn-kubernetes/go-controller/pkg/cni/cnishim.go:234.8,234.18 1 0
github.com/ovn-org/ovn-kubernetes/go-controller/pkg/cni/cnishim.go:234.18,237.3 2 0
github.com/ovn-org/ovn-kubernetes/go-controller/pkg/cni/cnishim.go:240.17,243.3 2 0
github.com/ovn-org/ovn-kubernetes/go-controller/pkg/cni/cnishim.go:247.40,248.30 1 0
github.com/ovn-org/ovn-kubernetes/go-controller/pkg/cni/cnishim.go:248.30,249.33 1 0
github.com/ovn-org/ovn-kubernetes/go-controller/pkg/cni/cnishim.go:249.33,251.10 2 0
github.com/ovn-org/ovn-kubernetes/go-controller/pkg/cni/cnishim.go:256.32,260.3 2 0
github.com/ovn-org/ovn-kubernetes/go-controller/pkg/cni/cnishim.go:263.18,266.3 2 0
github.com/ovn-org/ovn-kubernetes/go-controller/pkg/cni/cnishim.go:270.43,274.17 2 0
github.com/ovn-org/ovn-kubernetes/go-controller/pkg/cni/cnishim.go:278.3,279.17 2 0
github.com/ovn-org/ovn-kubernetes/go-controller/pkg/cni/cnishim.go:283.3,284.17 2 0
github.com/ovn-org/ovn-kubernetes/go-controller/pkg/cni/cnishim.go:287.3,287.13 1 0
github.com/ovn-org/ovn-kubernetes/go-controller/pkg/cni/cnishim.go:274.17,276.4 1 0
github.com/ovn-org/ovn-kubernetes/go-controller/pkg/cni/cnishim.go:279.17,281.4 1 0
github.com/ovn-org/ovn-kubernetes/go-controller/pkg/cni/cnishim.go:284.17,286.4 1 0
github.com/ovn-org/ovn-kubernetes/go-controller/pkg/cni/cnishim.go:288.17,290.3 1 0
github.com/ovn-org/ovn-kubernetes/go-controller/pkg/cni/cnishim.go:296.66,300.21 3 0
github.com/ovn-org/ovn-kubernetes/go-controller/pkg/cni/cnishim.go:303.2,304.16 2 0
github.com/ovn-org/ovn-kubernetes/go-controller/pkg/cni/cnishim.go:307.2,307.24 1 0
github.com/ovn-org/ovn-kubernetes/go-controller/pkg/cni/cnishim.go:311.2,311.20 1 0
github.com/ovn-org/ovn-kubernetes/go-controller/pkg/cni/cnishim.go:316.2,316.12 1 0
github.com/ovn-org/ovn-kubernetes/go-controller/pkg/cni/cnishim.go:300.21,302.3 1 0
github.com/ovn-org/ovn-kubernetes/go-controller/pkg/cni/cnishim.go:304.16,306.3 1 0
github.com/ovn-org/ovn-kubernetes/go-controller/pkg/cni/cnishim.go:307.24,309.3 1 0
github.com/ovn-org/ovn-kubernetes/go-controller/pkg/cni/cnishim.go:311.20,312.53 1 0
github.com/ovn-org/ovn-kubernetes/go-controller/pkg/cni/cnishim.go:312.53,314.4 1 0
